<?xml version="1.0" encoding="UTF-8"?>
<robot generator="Robot 4.1.3 (Python 3.10.2 on win32)" generated="20220319 08:51:18.257" rpa="false" schemaversion="2">
<suite id="s1" name="Demo15 Dynamicpage Suite" source="E:\robot_project\selenium_suite\demo15_dynamicpage_suite.robot">
<test id="s1-t1" name="TC1">
<kw name="Open Browser" library="SeleniumLibrary">
<arg>browser=chrome</arg>
<arg>executable_path=${EXECDIR}${/}driver${/}chromedriver.exe</arg>
<doc>Opens a new browser instance to the optional ``url``.</doc>
<msg timestamp="20220319 08:51:18.605" level="INFO">Opening browser 'chrome' to base url 'None'.</msg>
<status status="PASS" starttime="20220319 08:51:18.604" endtime="20220319 08:51:23.494"/>
</kw>
<kw name="Maximize Browser Window" library="SeleniumLibrary">
<doc>Maximizes current browser window.</doc>
<status status="PASS" starttime="20220319 08:51:23.495" endtime="20220319 08:51:23.621"/>
</kw>
<kw name="Set Selenium Implicit Wait" library="SeleniumLibrary">
<arg>20s</arg>
<doc>Sets the implicit wait value used by Selenium.</doc>
<status status="PASS" starttime="20220319 08:51:23.621" endtime="20220319 08:51:23.621"/>
</kw>
<kw name="Set Selenium Speed" library="SeleniumLibrary">
<arg>1s</arg>
<doc>Sets the delay that is waited after each Selenium command.</doc>
<status status="PASS" starttime="20220319 08:51:23.621" endtime="20220319 08:51:23.621"/>
</kw>
<kw name="Go To" library="SeleniumLibrary">
<arg>url=https://phptravels.net/hotels</arg>
<doc>Navigates the current browser window to the provided ``url``.</doc>
<msg timestamp="20220319 08:51:23.621" level="INFO">Opening url 'https://phptravels.net/hotels'</msg>
<status status="PASS" starttime="20220319 08:51:23.621" endtime="20220319 08:51:42.233"/>
</kw>
<kw name="Click Element" library="SeleniumLibrary">
<arg>id=select2-hotels_city-container</arg>
<doc>Click the element identified by ``locator``.</doc>
<msg timestamp="20220319 08:51:42.233" level="INFO">Clicking element 'id=select2-hotels_city-container'.</msg>
<status status="PASS" starttime="20220319 08:51:42.233" endtime="20220319 08:51:44.874"/>
</kw>
<kw name="Input Text" library="SeleniumLibrary">
<arg>xpath=//input[@role="searchbox"]</arg>
<arg>Chennai</arg>
<doc>Types the given ``text`` into the text field identified by ``locator``.</doc>
<msg timestamp="20220319 08:51:44.874" level="INFO">Typing text 'Chennai' into text field 'xpath=//input[@role="searchbox"]'.</msg>
<status status="PASS" starttime="20220319 08:51:44.874" endtime="20220319 08:51:47.998"/>
</kw>
<kw name="Click Element" library="SeleniumLibrary">
<arg>xpath=//li[text()='Chennai,India']</arg>
<doc>Click the element identified by ``locator``.</doc>
<msg timestamp="20220319 08:51:47.998" level="INFO">Clicking element 'xpath=//li[text()='Chennai,India']'.</msg>
<status status="PASS" starttime="20220319 08:51:47.998" endtime="20220319 08:51:50.992"/>
</kw>
<status status="PASS" starttime="20220319 08:51:18.603" endtime="20220319 08:51:50.992"/>
</test>
<status status="PASS" starttime="20220319 08:51:18.258" endtime="20220319 08:51:50.992"/>
</suite>
<statistics>
<total>
<stat pass="1" fail="0" skip="0">All Tests</stat>
</total>
<tag>
</tag>
<suite>
<stat pass="1" fail="0" skip="0" id="s1" name="Demo15 Dynamicpage Suite">Demo15 Dynamicpage Suite</stat>
</suite>
</statistics>
<errors>
</errors>
</robot>
