<?xml version="1.0" encoding="UTF-8"?>
<robot generator="Robot 4.1.3 (Python 3.10.2 on win32)" generated="20220314 16:42:22.250" rpa="false" schemaversion="2">
<suite id="s1" name="Demo1 Orangehrm Suite" source="E:\robot_frameworks\selenium_suite\demo1_orangehrm_suite.robot">
<test id="s1-t1" name="TC1">
<kw name="Append To Environment Variable" library="OperatingSystem">
<arg>Path</arg>
<arg>${EXECDIR}${/}driver${/}</arg>
<doc>Appends given ``values`` to environment variable ``name``.</doc>
<msg timestamp="20220314 16:42:22.599" level="INFO">Environment variable 'Path' set to value 'C:\Program Files\Common Files\Oracle\Java\javapath;C:\Perl64\site\bin;C:\Perl64\bin;E:\P\Scripts\;E:\P;C:\Program Files (x86)\Common Files\Oracle\Java\javapath;C:\WINDOWS\system32;C:\WINDOWS;C:\WINDOWS\System32\Wbem;C:\WINDOWS\System32\WindowsPowerShell\v1.0\;C:\WINDOWS\System32\OpenSSH\;E:\wajid\java\jdk1.6;E:\wajid\java\jre1.8\bin;C:\Program Files\Git\cmd;E:\P\;C:\Users\Admin\AppData\Roaming\ActiveState\bin;C:\Users\Admin\AppData\Roaming\ActiveState\bin;C:\Users\Admin\AppData\Local\activestate\bin;C:\Users\Admin\AppData\Local\Microsoft\WindowsApps;C:\Program Files\MySQL\MySQL Server 8.0\bin;E:\CodeBlocks\MinGW\bin;E:\PyCharm Community Edition 2021.3.2\bin;;E:\robot_frameworks\driver\'.</msg>
<status status="PASS" starttime="20220314 16:42:22.599" endtime="20220314 16:42:22.599"/>
</kw>
<kw name="Open Browser" library="SeleniumLibrary">
<arg>url=https://opensource-demo.orangehrmlive.com</arg>
<arg>browser=chrome</arg>
<doc>Opens a new browser instance to the optional ``url``.</doc>
<msg timestamp="20220314 16:42:22.600" level="INFO">Opening browser 'chrome' to base url 'https://opensource-demo.orangehrmlive.com'.</msg>
<status status="PASS" starttime="20220314 16:42:22.600" endtime="20220314 16:42:33.698"/>
</kw>
<kw name="Maximize Browser Window" library="SeleniumLibrary">
<doc>Maximizes current browser window.</doc>
<status status="PASS" starttime="20220314 16:42:33.700" endtime="20220314 16:42:33.827"/>
</kw>
<kw name="Set Selenium Implicit Wait" library="SeleniumLibrary">
<arg>20s</arg>
<doc>Sets the implicit wait value used by Selenium.</doc>
<status status="PASS" starttime="20220314 16:42:33.829" endtime="20220314 16:42:33.835"/>
</kw>
<kw name="Input Text" library="SeleniumLibrary">
<arg>id=txtUsername</arg>
<arg>Admin</arg>
<doc>Types the given ``text`` into the text field identified by ``locator``.</doc>
<msg timestamp="20220314 16:42:33.837" level="INFO">Typing text 'Admin' into text field 'id=txtUsername'.</msg>
<status status="PASS" starttime="20220314 16:42:33.836" endtime="20220314 16:42:33.930"/>
</kw>
<kw name="Input Password" library="SeleniumLibrary">
<arg>id=txtPassword</arg>
<arg>admin123</arg>
<doc>Types the given password into the text field identified by ``locator``.</doc>
<msg timestamp="20220314 16:42:33.932" level="INFO">Typing password into text field 'id=txtPassword'.</msg>
<msg timestamp="20220314 16:42:33.970" level="INFO">Temporally setting log level to: NONE</msg>
<msg timestamp="20220314 16:42:34.012" level="INFO">Log level changed from NONE to INFO.</msg>
<status status="PASS" starttime="20220314 16:42:33.931" endtime="20220314 16:42:34.013"/>
</kw>
<kw name="Click Element" library="SeleniumLibrary">
<arg>id=btnLogin</arg>
<doc>Click the element identified by ``locator``.</doc>
<msg timestamp="20220314 16:42:34.014" level="INFO">Clicking element 'id=btnLogin'.</msg>
<status status="PASS" starttime="20220314 16:42:34.013" endtime="20220314 16:42:39.009"/>
</kw>
<kw name="Page Should Contain" library="SeleniumLibrary">
<arg>My Info</arg>
<doc>Verifies that current page contains ``text``.</doc>
<msg timestamp="20220314 16:42:39.036" level="INFO">Current page contains text 'My Info'.</msg>
<status status="PASS" starttime="20220314 16:42:39.010" endtime="20220314 16:42:39.036"/>
</kw>
<kw name="Click Element" library="SeleniumLibrary">
<arg>id=welcome</arg>
<doc>Click the element identified by ``locator``.</doc>
<msg timestamp="20220314 16:42:39.037" level="INFO">Clicking element 'id=welcome'.</msg>
<status status="PASS" starttime="20220314 16:42:39.037" endtime="20220314 16:42:39.085"/>
</kw>
<kw name="Click Element" library="SeleniumLibrary">
<arg>partial link=Logout</arg>
<doc>Click the element identified by ``locator``.</doc>
<msg timestamp="20220314 16:42:39.086" level="INFO">Clicking element 'partial link=Logout'.</msg>
<status status="PASS" starttime="20220314 16:42:39.086" endtime="20220314 16:42:59.539"/>
</kw>
<status status="PASS" starttime="20220314 16:42:22.598" endtime="20220314 16:42:59.540"/>
</test>
<status status="PASS" starttime="20220314 16:42:22.252" endtime="20220314 16:42:59.541"/>
</suite>
<statistics>
<total>
<stat pass="1" fail="0" skip="0">All Tests</stat>
</total>
<tag>
</tag>
<suite>
<stat pass="1" fail="0" skip="0" id="s1" name="Demo1 Orangehrm Suite">Demo1 Orangehrm Suite</stat>
</suite>
</statistics>
<errors>
</errors>
</robot>
